<?xml version="1.0" encoding="UTF-8"?>
<!-- Generated by org.testng.reporters.JUnitReportReporter -->
<testsuite hostname="UTSA-PC" name="MavneClassTest" tests="1" failures="0" timestamp="18 Dec 2018 10:09:36 GMT" time="0.006" errors="0">
  <testcase name="printText" time="0.006" classname="MavneClassTest"/>
</testsuite> <!-- MavneClassTest -->
